<?xml version="1.0" encoding="UTF-8"?>
<testsuite xmlns:xsi="http://www.w3.org/2001/XMLSchema-instance" xsi:noNamespaceSchemaLocation="https://maven.apache.org/surefire/maven-surefire-plugin/xsd/surefire-test-report-3.0.xsd" version="3.0" name="com.mycompany.mavenproject2.CalculadoraTest" time="0.187" tests="48" errors="0" skipped="0" failures="1">
  <properties>
    <property name="java.specification.version" value="20"/>
    <property name="sun.cpu.isalist" value="amd64"/>
    <property name="sun.jnu.encoding" value="Cp1252"/>
    <property name="java.class.path" value="C:\Users\matia\OneDrive\Documentos\NetBeansProjects\Taller12_CasosDePrueba\mavenproject2\target\test-classes;C:\Users\matia\OneDrive\Documentos\NetBeansProjects\Taller12_CasosDePrueba\mavenproject2\target\classes;C:\Users\matia\.m2\repository\org\junit\jupiter\junit-jupiter-api\5.6.0\junit-jupiter-api-5.6.0.jar;C:\Users\matia\.m2\repository\org\apiguardian\apiguardian-api\1.1.0\apiguardian-api-1.1.0.jar;C:\Users\matia\.m2\repository\org\opentest4j\opentest4j\1.2.0\opentest4j-1.2.0.jar;C:\Users\matia\.m2\repository\org\junit\platform\junit-platform-commons\1.6.0\junit-platform-commons-1.6.0.jar;C:\Users\matia\.m2\repository\org\junit\jupiter\junit-jupiter-params\5.6.0\junit-jupiter-params-5.6.0.jar;C:\Users\matia\.m2\repository\org\junit\jupiter\junit-jupiter-engine\5.6.0\junit-jupiter-engine-5.6.0.jar;C:\Users\matia\.m2\repository\org\junit\platform\junit-platform-engine\1.6.0\junit-platform-engine-1.6.0.jar;"/>
    <property name="java.vm.vendor" value="Eclipse Adoptium"/>
    <property name="sun.arch.data.model" value="64"/>
    <property name="user.variant" value=""/>
    <property name="java.vendor.url" value="https://adoptium.net/"/>
    <property name="user.timezone" value="America/Guayaquil"/>
    <property name="os.name" value="Windows 11"/>
    <property name="java.vm.specification.version" value="20"/>
    <property name="user.country" value="EC"/>
    <property name="sun.java.launcher" value="SUN_STANDARD"/>
    <property name="sun.boot.library.path" value="C:\Program Files\Eclipse Adoptium\jdk-20.0.2.9-hotspot\bin"/>
    <property name="sun.java.command" value="C:\Users\matia\AppData\Local\Temp\surefire8993251992185575224\surefirebooter-20240819224025254_3.jar C:\Users\matia\AppData\Local\Temp\surefire8993251992185575224 2024-08-19T22-40-25_035-jvmRun1 surefire-20240819224025254_1tmp surefire_0-20240819224025254_2tmp"/>
    <property name="jdk.debug" value="release"/>
    <property name="test" value="com.mycompany.mavenproject2.CalculadoraTest"/>
    <property name="surefire.test.class.path" value="C:\Users\matia\OneDrive\Documentos\NetBeansProjects\Taller12_CasosDePrueba\mavenproject2\target\test-classes;C:\Users\matia\OneDrive\Documentos\NetBeansProjects\Taller12_CasosDePrueba\mavenproject2\target\classes;C:\Users\matia\.m2\repository\org\junit\jupiter\junit-jupiter-api\5.6.0\junit-jupiter-api-5.6.0.jar;C:\Users\matia\.m2\repository\org\apiguardian\apiguardian-api\1.1.0\apiguardian-api-1.1.0.jar;C:\Users\matia\.m2\repository\org\opentest4j\opentest4j\1.2.0\opentest4j-1.2.0.jar;C:\Users\matia\.m2\repository\org\junit\platform\junit-platform-commons\1.6.0\junit-platform-commons-1.6.0.jar;C:\Users\matia\.m2\repository\org\junit\jupiter\junit-jupiter-params\5.6.0\junit-jupiter-params-5.6.0.jar;C:\Users\matia\.m2\repository\org\junit\jupiter\junit-jupiter-engine\5.6.0\junit-jupiter-engine-5.6.0.jar;C:\Users\matia\.m2\repository\org\junit\platform\junit-platform-engine\1.6.0\junit-platform-engine-1.6.0.jar;"/>
    <property name="sun.cpu.endian" value="little"/>
    <property name="user.home" value="C:\Users\matia"/>
    <property name="user.language" value="es"/>
    <property name="java.specification.vendor" value="Oracle Corporation"/>
    <property name="java.version.date" value="2023-07-18"/>
    <property name="java.home" value="C:\Program Files\Eclipse Adoptium\jdk-20.0.2.9-hotspot"/>
    <property name="file.separator" value="\"/>
    <property name="basedir" value="C:\Users\matia\OneDrive\Documentos\NetBeansProjects\Taller12_CasosDePrueba\mavenproject2"/>
    <property name="java.vm.compressedOopsMode" value="Zero based"/>
    <property name="line.separator" value="&#10;"/>
    <property name="java.vm.specification.vendor" value="Oracle Corporation"/>
    <property name="java.specification.name" value="Java Platform API Specification"/>
    <property name="surefire.real.class.path" value="C:\Users\matia\AppData\Local\Temp\surefire8993251992185575224\surefirebooter-20240819224025254_3.jar"/>
    <property name="user.script" value=""/>
    <property name="sun.management.compiler" value="HotSpot 64-Bit Tiered Compilers"/>
    <property name="java.runtime.version" value="20.0.2+9"/>
    <property name="user.name" value="matia"/>
    <property name="stdout.encoding" value="Cp1252"/>
    <property name="path.separator" value=";"/>
    <property name="os.version" value="10.0"/>
    <property name="java.runtime.name" value="OpenJDK Runtime Environment"/>
    <property name="file.encoding" value="UTF-8"/>
    <property name="java.vm.name" value="OpenJDK 64-Bit Server VM"/>
    <property name="java.vendor.version" value="Temurin-20.0.2+9"/>
    <property name="maven.ext.class.path" value="C:\Program Files\NetBeans-19\netbeans\java\maven-nblib\netbeans-eventspy.jar"/>
    <property name="localRepository" value="C:\Users\matia\.m2\repository"/>
    <property name="java.vendor.url.bug" value="https://github.com/adoptium/adoptium-support/issues"/>
    <property name="java.io.tmpdir" value="C:\Users\matia\AppData\Local\Temp\"/>
    <property name="java.version" value="20.0.2"/>
    <property name="user.dir" value="C:\Users\matia\OneDrive\Documentos\NetBeansProjects\Taller12_CasosDePrueba\mavenproject2"/>
    <property name="os.arch" value="amd64"/>
    <property name="java.vm.specification.name" value="Java Virtual Machine Specification"/>
    <property name="sun.os.patch.level" value=""/>
    <property name="native.encoding" value="Cp1252"/>
    <property name="java.library.path" value="C:\Program Files\Eclipse Adoptium\jdk-20.0.2.9-hotspot\bin;C:\WINDOWS\Sun\Java\bin;C:\WINDOWS\system32;C:\WINDOWS;C:\Program Files\Common Files\Oracle\Java\javapath;C:\Program Files (x86)\Common Files\Oracle\Java\java8path;C:\Program Files (x86)\Common Files\Oracle\Java\javapath;C:\Program Files\Eclipse Adoptium\jdk-17.0.11.9-hotspot\bin;C:\Program Files\Eclipse Adoptium\jdk-20.0.2.9-hotspot\bin;C:\Program Files (x86)\NVIDIA Corporation\PhysX\Common;C:\WINDOWS\system32;C:\WINDOWS;C:\WINDOWS\System32\Wbem;C:\WINDOWS\System32\WindowsPowerShell\v1.0\;C:\WINDOWS\System32\OpenSSH\;C:\Users\matia\AppData\Local\Programs\Python\Python312\Scripts\;C:\Users\matia\AppData\Local\Programs\Python\Python312\;C:\Users\matia\AppData\Local\Programs\Python\Python311\Scripts\;C:\Users\matia\AppData\Local\Programs\Python\Python311\;C:\Users\matia\AppData\Local\Microsoft\WindowsApps;C:\Users\matia\AppData\Local\GitHubDesktop\bin;C:\Users\matia\AppData\Local\Programs\Microsoft VS Code\bin;."/>
    <property name="java.vm.info" value="mixed mode, sharing"/>
    <property name="stderr.encoding" value="Cp1252"/>
    <property name="java.vendor" value="Eclipse Adoptium"/>
    <property name="java.vm.version" value="20.0.2+9"/>
    <property name="sun.io.unicode.encoding" value="UnicodeLittle"/>
    <property name="java.class.version" value="64.0"/>
  </properties>
  <testcase name="testExponenciacion1" classname="com.mycompany.mavenproject2.CalculadoraTest" time="0.031">
    <system-out><![CDATA[TCE01
]]></system-out>
  </testcase>
  <testcase name="testExponenciacion2" classname="com.mycompany.mavenproject2.CalculadoraTest" time="0.001">
    <system-out><![CDATA[TCE02
]]></system-out>
  </testcase>
  <testcase name="testExponenciacion3" classname="com.mycompany.mavenproject2.CalculadoraTest" time="0.002">
    <system-out><![CDATA[TCE03
]]></system-out>
  </testcase>
  <testcase name="testExponenciacion4" classname="com.mycompany.mavenproject2.CalculadoraTest" time="0.001">
    <system-out><![CDATA[TCE04
]]></system-out>
  </testcase>
  <testcase name="testExponenciacion5" classname="com.mycompany.mavenproject2.CalculadoraTest" time="0.002">
    <system-out><![CDATA[TCE05
]]></system-out>
  </testcase>
  <testcase name="testSonAmigos1" classname="com.mycompany.mavenproject2.CalculadoraTest" time="0.001">
    <system-out><![CDATA[sonAmigos
]]></system-out>
  </testcase>
  <testcase name="testSonAmigos2" classname="com.mycompany.mavenproject2.CalculadoraTest" time="0.001">
    <system-out><![CDATA[sonAmigos
]]></system-out>
  </testcase>
  <testcase name="testSonAmigos3" classname="com.mycompany.mavenproject2.CalculadoraTest" time="0.001">
    <system-out><![CDATA[sonAmigos
]]></system-out>
  </testcase>
  <testcase name="testSonAmigos4" classname="com.mycompany.mavenproject2.CalculadoraTest" time="0.001">
    <system-out><![CDATA[sonAmigos
]]></system-out>
  </testcase>
  <testcase name="testResta" classname="com.mycompany.mavenproject2.CalculadoraTest" time="0.003">
    <system-out><![CDATA[resta
]]></system-out>
  </testcase>
  <testcase name="testSuma1" classname="com.mycompany.mavenproject2.CalculadoraTest" time="0.001">
    <system-out><![CDATA[TCS01
]]></system-out>
  </testcase>
  <testcase name="testSuma2" classname="com.mycompany.mavenproject2.CalculadoraTest" time="0.002">
    <system-out><![CDATA[TCS02
]]></system-out>
  </testcase>
  <testcase name="testSuma3" classname="com.mycompany.mavenproject2.CalculadoraTest" time="0.001">
    <system-out><![CDATA[TCS03
]]></system-out>
  </testcase>
  <testcase name="testSuma4" classname="com.mycompany.mavenproject2.CalculadoraTest" time="0.001">
    <system-out><![CDATA[TCS04
]]></system-out>
  </testcase>
  <testcase name="testSuma5" classname="com.mycompany.mavenproject2.CalculadoraTest" time="0.001">
    <system-out><![CDATA[TCS05
]]></system-out>
  </testcase>
  <testcase name="testSuma" classname="com.mycompany.mavenproject2.CalculadoraTest" time="0.001">
    <system-out><![CDATA[suma
]]></system-out>
  </testcase>
  <testcase name="testRadicacion" classname="com.mycompany.mavenproject2.CalculadoraTest" time="0.001">
    <system-out><![CDATA[radicacion
]]></system-out>
  </testcase>
  <testcase name="testMultiplicacion1" classname="com.mycompany.mavenproject2.CalculadoraTest" time="0.002">
    <system-out><![CDATA[TCM01
]]></system-out>
  </testcase>
  <testcase name="testMultiplicacion2" classname="com.mycompany.mavenproject2.CalculadoraTest" time="0.001">
    <system-out><![CDATA[TCM02
]]></system-out>
  </testcase>
  <testcase name="testMultiplicacion3" classname="com.mycompany.mavenproject2.CalculadoraTest" time="0.002">
    <system-out><![CDATA[TCM03
]]></system-out>
  </testcase>
  <testcase name="testMultiplicacion4" classname="com.mycompany.mavenproject2.CalculadoraTest" time="0.001">
    <system-out><![CDATA[TCM04
]]></system-out>
  </testcase>
  <testcase name="testDivision1" classname="com.mycompany.mavenproject2.CalculadoraTest" time="0.0">
    <system-out><![CDATA[TCD01
]]></system-out>
  </testcase>
  <testcase name="testDivision2" classname="com.mycompany.mavenproject2.CalculadoraTest" time="0.001">
    <system-out><![CDATA[TCD02
]]></system-out>
  </testcase>
  <testcase name="testDivision3" classname="com.mycompany.mavenproject2.CalculadoraTest" time="0.002">
    <system-out><![CDATA[TCD03
]]></system-out>
  </testcase>
  <testcase name="testDivision4" classname="com.mycompany.mavenproject2.CalculadoraTest" time="0.001">
    <system-out><![CDATA[TCD04
]]></system-out>
  </testcase>
  <testcase name="testDivision5" classname="com.mycompany.mavenproject2.CalculadoraTest" time="0.002">
    <system-out><![CDATA[TCD05
]]></system-out>
  </testcase>
  <testcase name="testDivision6" classname="com.mycompany.mavenproject2.CalculadoraTest" time="0.002">
    <system-out><![CDATA[TCD06
]]></system-out>
  </testcase>
  <testcase name="testDivision7" classname="com.mycompany.mavenproject2.CalculadoraTest" time="0.001">
    <system-out><![CDATA[TCD07
]]></system-out>
  </testcase>
  <testcase name="testMultiplicacion" classname="com.mycompany.mavenproject2.CalculadoraTest" time="0.001">
    <system-out><![CDATA[multiplicacion
]]></system-out>
  </testcase>
  <testcase name="testSumaDivisores1" classname="com.mycompany.mavenproject2.CalculadoraTest" time="0.002">
    <system-out><![CDATA[sumaDivisores
]]></system-out>
  </testcase>
  <testcase name="testSumaDivisores2" classname="com.mycompany.mavenproject2.CalculadoraTest" time="0.001">
    <system-out><![CDATA[sumaDivisores
]]></system-out>
  </testcase>
  <testcase name="testSumaDivisores3" classname="com.mycompany.mavenproject2.CalculadoraTest" time="0.001">
    <system-out><![CDATA[sumaDivisores
]]></system-out>
  </testcase>
  <testcase name="testSumaDivisores4" classname="com.mycompany.mavenproject2.CalculadoraTest" time="0.002">
    <system-out><![CDATA[sumaDivisores
]]></system-out>
  </testcase>
  <testcase name="testSumaDivisores5" classname="com.mycompany.mavenproject2.CalculadoraTest" time="0.0">
    <system-out><![CDATA[sumaDivisores
]]></system-out>
  </testcase>
  <testcase name="testSumaDivisores6" classname="com.mycompany.mavenproject2.CalculadoraTest" time="0.001">
    <system-out><![CDATA[sumaDivisores
]]></system-out>
  </testcase>
  <testcase name="testSonAmigos" classname="com.mycompany.mavenproject2.CalculadoraTest" time="0.002">
    <system-out><![CDATA[sonAmigos
]]></system-out>
  </testcase>
  <testcase name="asd" classname="com.mycompany.mavenproject2.CalculadoraTest" time="0.006">
    <failure message="expected: &lt;2&gt; but was: &lt;1&gt;" type="org.opentest4j.AssertionFailedError"><![CDATA[org.opentest4j.AssertionFailedError: expected: <2> but was: <1>
	at org.junit.jupiter.api.AssertionUtils.fail(AssertionUtils.java:55)
	at org.junit.jupiter.api.AssertionUtils.failNotEqual(AssertionUtils.java:62)
	at org.junit.jupiter.api.AssertEquals.assertEquals(AssertEquals.java:150)
	at org.junit.jupiter.api.AssertEquals.assertEquals(AssertEquals.java:145)
	at org.junit.jupiter.api.Assertions.assertEquals(Assertions.java:510)
	at com.mycompany.mavenproject2.CalculadoraTest.asd(CalculadoraTest.java:628)
	at java.base/jdk.internal.reflect.DirectMethodHandleAccessor.invoke(DirectMethodHandleAccessor.java:104)
	at java.base/java.lang.reflect.Method.invoke(Method.java:578)
	at org.junit.platform.commons.util.ReflectionUtils.invokeMethod(ReflectionUtils.java:686)
	at org.junit.jupiter.engine.execution.MethodInvocation.proceed(MethodInvocation.java:60)
	at org.junit.jupiter.engine.execution.InvocationInterceptorChain$ValidatingInvocation.proceed(InvocationInterceptorChain.java:131)
	at org.junit.jupiter.engine.extension.TimeoutExtension.intercept(TimeoutExtension.java:149)
	at org.junit.jupiter.engine.extension.TimeoutExtension.interceptTestableMethod(TimeoutExtension.java:140)
	at org.junit.jupiter.engine.extension.TimeoutExtension.interceptTestMethod(TimeoutExtension.java:84)
	at org.junit.jupiter.engine.execution.ExecutableInvoker$ReflectiveInterceptorCall.lambda$ofVoidMethod$0(ExecutableInvoker.java:115)
	at org.junit.jupiter.engine.execution.ExecutableInvoker.lambda$invoke$0(ExecutableInvoker.java:105)
	at org.junit.jupiter.engine.execution.InvocationInterceptorChain$InterceptedInvocation.proceed(InvocationInterceptorChain.java:106)
	at org.junit.jupiter.engine.execution.InvocationInterceptorChain.proceed(InvocationInterceptorChain.java:64)
	at org.junit.jupiter.engine.execution.InvocationInterceptorChain.chainAndInvoke(InvocationInterceptorChain.java:45)
	at org.junit.jupiter.engine.execution.InvocationInterceptorChain.invoke(InvocationInterceptorChain.java:37)
	at org.junit.jupiter.engine.execution.ExecutableInvoker.invoke(ExecutableInvoker.java:104)
	at org.junit.jupiter.engine.execution.ExecutableInvoker.invoke(ExecutableInvoker.java:98)
	at org.junit.jupiter.engine.descriptor.TestMethodTestDescriptor.lambda$invokeTestMethod$6(TestMethodTestDescriptor.java:205)
	at org.junit.platform.engine.support.hierarchical.ThrowableCollector.execute(ThrowableCollector.java:73)
	at org.junit.jupiter.engine.descriptor.TestMethodTestDescriptor.invokeTestMethod(TestMethodTestDescriptor.java:201)
	at org.junit.jupiter.engine.descriptor.TestMethodTestDescriptor.execute(TestMethodTestDescriptor.java:137)
	at org.junit.jupiter.engine.descriptor.TestMethodTestDescriptor.execute(TestMethodTestDescriptor.java:71)
	at org.junit.platform.engine.support.hierarchical.NodeTestTask.lambda$executeRecursively$5(NodeTestTask.java:135)
	at org.junit.platform.engine.support.hierarchical.ThrowableCollector.execute(ThrowableCollector.java:73)
	at org.junit.platform.engine.support.hierarchical.NodeTestTask.lambda$executeRecursively$7(NodeTestTask.java:125)
	at org.junit.platform.engine.support.hierarchical.Node.around(Node.java:135)
	at org.junit.platform.engine.support.hierarchical.NodeTestTask.lambda$executeRecursively$8(NodeTestTask.java:123)
	at org.junit.platform.engine.support.hierarchical.ThrowableCollector.execute(ThrowableCollector.java:73)
	at org.junit.platform.engine.support.hierarchical.NodeTestTask.executeRecursively(NodeTestTask.java:122)
	at org.junit.platform.engine.support.hierarchical.NodeTestTask.execute(NodeTestTask.java:80)
	at java.base/java.util.ArrayList.forEach(ArrayList.java:1511)
	at org.junit.platform.engine.support.hierarchical.SameThreadHierarchicalTestExecutorService.invokeAll(SameThreadHierarchicalTestExecutorService.java:38)
	at org.junit.platform.engine.support.hierarchical.NodeTestTask.lambda$executeRecursively$5(NodeTestTask.java:139)
	at org.junit.platform.engine.support.hierarchical.ThrowableCollector.execute(ThrowableCollector.java:73)
	at org.junit.platform.engine.support.hierarchical.NodeTestTask.lambda$executeRecursively$7(NodeTestTask.java:125)
	at org.junit.platform.engine.support.hierarchical.Node.around(Node.java:135)
	at org.junit.platform.engine.support.hierarchical.NodeTestTask.lambda$executeRecursively$8(NodeTestTask.java:123)
	at org.junit.platform.engine.support.hierarchical.ThrowableCollector.execute(ThrowableCollector.java:73)
	at org.junit.platform.engine.support.hierarchical.NodeTestTask.executeRecursively(NodeTestTask.java:122)
	at org.junit.platform.engine.support.hierarchical.NodeTestTask.execute(NodeTestTask.java:80)
	at java.base/java.util.ArrayList.forEach(ArrayList.java:1511)
	at org.junit.platform.engine.support.hierarchical.SameThreadHierarchicalTestExecutorService.invokeAll(SameThreadHierarchicalTestExecutorService.java:38)
	at org.junit.platform.engine.support.hierarchical.NodeTestTask.lambda$executeRecursively$5(NodeTestTask.java:139)
	at org.junit.platform.engine.support.hierarchical.ThrowableCollector.execute(ThrowableCollector.java:73)
	at org.junit.platform.engine.support.hierarchical.NodeTestTask.lambda$executeRecursively$7(NodeTestTask.java:125)
	at org.junit.platform.engine.support.hierarchical.Node.around(Node.java:135)
	at org.junit.platform.engine.support.hierarchical.NodeTestTask.lambda$executeRecursively$8(NodeTestTask.java:123)
	at org.junit.platform.engine.support.hierarchical.ThrowableCollector.execute(ThrowableCollector.java:73)
	at org.junit.platform.engine.support.hierarchical.NodeTestTask.executeRecursively(NodeTestTask.java:122)
	at org.junit.platform.engine.support.hierarchical.NodeTestTask.execute(NodeTestTask.java:80)
	at org.junit.platform.engine.support.hierarchical.SameThreadHierarchicalTestExecutorService.submit(SameThreadHierarchicalTestExecutorService.java:32)
	at org.junit.platform.engine.support.hierarchical.HierarchicalTestExecutor.execute(HierarchicalTestExecutor.java:57)
	at org.junit.platform.engine.support.hierarchical.HierarchicalTestEngine.execute(HierarchicalTestEngine.java:51)
	at org.junit.platform.launcher.core.DefaultLauncher.execute(DefaultLauncher.java:248)
	at org.junit.platform.launcher.core.DefaultLauncher.lambda$execute$5(DefaultLauncher.java:211)
	at org.junit.platform.launcher.core.DefaultLauncher.withInterceptedStreams(DefaultLauncher.java:226)
	at org.junit.platform.launcher.core.DefaultLauncher.execute(DefaultLauncher.java:199)
	at org.junit.platform.launcher.core.DefaultLauncher.execute(DefaultLauncher.java:132)
	at org.apache.maven.surefire.junitplatform.LazyLauncher.execute(LazyLauncher.java:56)
	at org.apache.maven.surefire.junitplatform.JUnitPlatformProvider.execute(JUnitPlatformProvider.java:184)
	at org.apache.maven.surefire.junitplatform.JUnitPlatformProvider.invokeAllTests(JUnitPlatformProvider.java:148)
	at org.apache.maven.surefire.junitplatform.JUnitPlatformProvider.invoke(JUnitPlatformProvider.java:122)
	at org.apache.maven.surefire.booter.ForkedBooter.runSuitesInProcess(ForkedBooter.java:385)
	at org.apache.maven.surefire.booter.ForkedBooter.execute(ForkedBooter.java:162)
	at org.apache.maven.surefire.booter.ForkedBooter.run(ForkedBooter.java:507)
	at org.apache.maven.surefire.booter.ForkedBooter.main(ForkedBooter.java:495)
]]></failure>
    <system-out><![CDATA[sumaDivisores
]]></system-out>
  </testcase>
  <testcase name="testSumaDivisores" classname="com.mycompany.mavenproject2.CalculadoraTest" time="0.001">
    <system-out><![CDATA[sumaDivisores
]]></system-out>
  </testcase>
  <testcase name="testDivision" classname="com.mycompany.mavenproject2.CalculadoraTest" time="0.001">
    <system-out><![CDATA[division
]]></system-out>
  </testcase>
  <testcase name="testRadicacion1" classname="com.mycompany.mavenproject2.CalculadoraTest" time="0.001">
    <system-out><![CDATA[TCR01
]]></system-out>
  </testcase>
  <testcase name="testRadicacion2" classname="com.mycompany.mavenproject2.CalculadoraTest" time="0.001">
    <system-out><![CDATA[TCR02
]]></system-out>
  </testcase>
  <testcase name="testRadicacion3" classname="com.mycompany.mavenproject2.CalculadoraTest" time="0.003">
    <system-out><![CDATA[TCR03
]]></system-out>
  </testcase>
  <testcase name="testRadicacion4" classname="com.mycompany.mavenproject2.CalculadoraTest" time="0.001">
    <system-out><![CDATA[TCR04
]]></system-out>
  </testcase>
  <testcase name="testRadicacion5" classname="com.mycompany.mavenproject2.CalculadoraTest" time="0.002">
    <system-out><![CDATA[TCR05
]]></system-out>
  </testcase>
  <testcase name="testResta1" classname="com.mycompany.mavenproject2.CalculadoraTest" time="0.001">
    <system-out><![CDATA[TCR01
]]></system-out>
  </testcase>
  <testcase name="testResta2" classname="com.mycompany.mavenproject2.CalculadoraTest" time="0.001">
    <system-out><![CDATA[TCR02
]]></system-out>
  </testcase>
  <testcase name="testResta3" classname="com.mycompany.mavenproject2.CalculadoraTest" time="0.001">
    <system-out><![CDATA[TCR03
]]></system-out>
  </testcase>
  <testcase name="testResta4" classname="com.mycompany.mavenproject2.CalculadoraTest" time="0.001">
    <system-out><![CDATA[TCR04
]]></system-out>
  </testcase>
</testsuite>