<?xml version="1.0" encoding="UTF-8"?>
<testsuite xmlns:xsi="http://www.w3.org/2001/XMLSchema-instance" xsi:noNamespaceSchemaLocation="https://maven.apache.org/surefire/maven-surefire-plugin/xsd/surefire-test-report-3.0.xsd" version="3.0" name="com.mycompany.mavenproject2.CalculadoraTest" time="0.207" tests="47" errors="0" skipped="0" failures="0">
  <properties>
    <property name="java.specification.version" value="22"/>
    <property name="sun.cpu.isalist" value="amd64"/>
    <property name="sun.jnu.encoding" value="UTF-8"/>
    <property name="java.class.path" value="C:\Users\seola\OneDrive\Documents\GitHub\Taller12_CasosDePrueba\mavenproject2\target\test-classes;C:\Users\seola\OneDrive\Documents\GitHub\Taller12_CasosDePrueba\mavenproject2\target\classes;C:\Users\seola\.m2\repository\org\junit\jupiter\junit-jupiter-api\5.6.0\junit-jupiter-api-5.6.0.jar;C:\Users\seola\.m2\repository\org\apiguardian\apiguardian-api\1.1.0\apiguardian-api-1.1.0.jar;C:\Users\seola\.m2\repository\org\opentest4j\opentest4j\1.2.0\opentest4j-1.2.0.jar;C:\Users\seola\.m2\repository\org\junit\platform\junit-platform-commons\1.6.0\junit-platform-commons-1.6.0.jar;C:\Users\seola\.m2\repository\org\junit\jupiter\junit-jupiter-params\5.6.0\junit-jupiter-params-5.6.0.jar;C:\Users\seola\.m2\repository\org\junit\jupiter\junit-jupiter-engine\5.6.0\junit-jupiter-engine-5.6.0.jar;C:\Users\seola\.m2\repository\org\junit\platform\junit-platform-engine\1.6.0\junit-platform-engine-1.6.0.jar;"/>
    <property name="java.vm.vendor" value="Oracle Corporation"/>
    <property name="sun.arch.data.model" value="64"/>
    <property name="user.variant" value=""/>
    <property name="java.vendor.url" value="https://java.oracle.com/"/>
    <property name="user.timezone" value="America/Guayaquil"/>
    <property name="os.name" value="Windows 11"/>
    <property name="java.vm.specification.version" value="22"/>
    <property name="user.country" value="EC"/>
    <property name="sun.java.launcher" value="SUN_STANDARD"/>
    <property name="sun.boot.library.path" value="C:\Program Files\Java\jdk-22\bin"/>
    <property name="sun.java.command" value="C:\Users\seola\AppData\Local\Temp\surefire10967942128400931410\surefirebooter-20240819223257001_3.jar C:\Users\seola\AppData\Local\Temp\surefire10967942128400931410 2024-08-19T22-32-56_840-jvmRun1 surefire-20240819223257001_1tmp surefire_0-20240819223257001_2tmp"/>
    <property name="jdk.debug" value="release"/>
    <property name="test" value="com.mycompany.mavenproject2.CalculadoraTest"/>
    <property name="surefire.test.class.path" value="C:\Users\seola\OneDrive\Documents\GitHub\Taller12_CasosDePrueba\mavenproject2\target\test-classes;C:\Users\seola\OneDrive\Documents\GitHub\Taller12_CasosDePrueba\mavenproject2\target\classes;C:\Users\seola\.m2\repository\org\junit\jupiter\junit-jupiter-api\5.6.0\junit-jupiter-api-5.6.0.jar;C:\Users\seola\.m2\repository\org\apiguardian\apiguardian-api\1.1.0\apiguardian-api-1.1.0.jar;C:\Users\seola\.m2\repository\org\opentest4j\opentest4j\1.2.0\opentest4j-1.2.0.jar;C:\Users\seola\.m2\repository\org\junit\platform\junit-platform-commons\1.6.0\junit-platform-commons-1.6.0.jar;C:\Users\seola\.m2\repository\org\junit\jupiter\junit-jupiter-params\5.6.0\junit-jupiter-params-5.6.0.jar;C:\Users\seola\.m2\repository\org\junit\jupiter\junit-jupiter-engine\5.6.0\junit-jupiter-engine-5.6.0.jar;C:\Users\seola\.m2\repository\org\junit\platform\junit-platform-engine\1.6.0\junit-platform-engine-1.6.0.jar;"/>
    <property name="sun.cpu.endian" value="little"/>
    <property name="user.home" value="C:\Users\seola"/>
    <property name="user.language" value="es"/>
    <property name="java.specification.vendor" value="Oracle Corporation"/>
    <property name="java.version.date" value="2024-04-16"/>
    <property name="java.home" value="C:\Program Files\Java\jdk-22"/>
    <property name="file.separator" value="\"/>
    <property name="basedir" value="C:\Users\seola\OneDrive\Documents\GitHub\Taller12_CasosDePrueba\mavenproject2"/>
    <property name="java.vm.compressedOopsMode" value="32-bit"/>
    <property name="line.separator" value="&#10;"/>
    <property name="java.vm.specification.vendor" value="Oracle Corporation"/>
    <property name="java.specification.name" value="Java Platform API Specification"/>
    <property name="surefire.real.class.path" value="C:\Users\seola\AppData\Local\Temp\surefire10967942128400931410\surefirebooter-20240819223257001_3.jar"/>
    <property name="user.script" value=""/>
    <property name="sun.management.compiler" value="HotSpot 64-Bit Tiered Compilers"/>
    <property name="java.runtime.version" value="22.0.1+8-16"/>
    <property name="user.name" value="seola"/>
    <property name="stdout.encoding" value="UTF-8"/>
    <property name="path.separator" value=";"/>
    <property name="os.version" value="10.0"/>
    <property name="java.runtime.name" value="Java(TM) SE Runtime Environment"/>
    <property name="file.encoding" value="UTF-8"/>
    <property name="java.vm.name" value="Java HotSpot(TM) 64-Bit Server VM"/>
    <property name="maven.ext.class.path" value="C:\Program Files\NetBeans-21\netbeans\java\maven-nblib\netbeans-eventspy.jar"/>
    <property name="localRepository" value="C:\Users\seola\.m2\repository"/>
    <property name="java.vendor.url.bug" value="https://bugreport.java.com/bugreport/"/>
    <property name="java.io.tmpdir" value="C:\Users\seola\AppData\Local\Temp\"/>
    <property name="java.version" value="22.0.1"/>
    <property name="user.dir" value="C:\Users\seola\OneDrive\Documents\GitHub\Taller12_CasosDePrueba\mavenproject2"/>
    <property name="os.arch" value="amd64"/>
    <property name="java.vm.specification.name" value="Java Virtual Machine Specification"/>
    <property name="sun.os.patch.level" value=""/>
    <property name="native.encoding" value="UTF-8"/>
    <property name="java.library.path" value="C:\Program Files\Java\jdk-22\bin;C:\WINDOWS\Sun\Java\bin;C:\WINDOWS\system32;C:\WINDOWS;C:\Program Files\Common Files\Oracle\Java\javapath;C:\Program Files (x86)\Common Files\Oracle\Java\java8path;C:\Program Files (x86)\Common Files\Oracle\Java\javapath;C:\WINDOWS\system32;C:\WINDOWS;C:\WINDOWS\System32\Wbem;C:\WINDOWS\System32\WindowsPowerShell\v1.0\;C:\WINDOWS\System32\OpenSSH\;C:\Program Files\Git\cmd;C:\Python312\Scripts\;C:\Python312\;C:\Users\seola\AppData\Local\Microsoft\WindowsApps;C:\Users\seola\AppData\Local\spicetify;C:\Program Files\JetBrains\PyCharm 2023.3.2\bin;;C:\Users\seola\AppData\Local\GitHubDesktop\bin;C:\Users\seola\AppData\Local\Programs\Microsoft VS Code\bin;."/>
    <property name="java.vm.info" value="mixed mode, sharing"/>
    <property name="stderr.encoding" value="UTF-8"/>
    <property name="java.vendor" value="Oracle Corporation"/>
    <property name="java.vm.version" value="22.0.1+8-16"/>
    <property name="sun.io.unicode.encoding" value="UnicodeLittle"/>
    <property name="java.class.version" value="66.0"/>
  </properties>
  <testcase name="testExponenciacion1" classname="com.mycompany.mavenproject2.CalculadoraTest" time="0.043">
    <system-out><![CDATA[TCE01
]]></system-out>
  </testcase>
  <testcase name="testExponenciacion2" classname="com.mycompany.mavenproject2.CalculadoraTest" time="0.002">
    <system-out><![CDATA[TCE02
]]></system-out>
  </testcase>
  <testcase name="testExponenciacion3" classname="com.mycompany.mavenproject2.CalculadoraTest" time="0.003">
    <system-out><![CDATA[TCE03
]]></system-out>
  </testcase>
  <testcase name="testExponenciacion4" classname="com.mycompany.mavenproject2.CalculadoraTest" time="0.002">
    <system-out><![CDATA[TCE04
]]></system-out>
  </testcase>
  <testcase name="testExponenciacion5" classname="com.mycompany.mavenproject2.CalculadoraTest" time="0.002">
    <system-out><![CDATA[TCE05
]]></system-out>
  </testcase>
  <testcase name="testSonAmigos1" classname="com.mycompany.mavenproject2.CalculadoraTest" time="0.001">
    <system-out><![CDATA[sonAmigos
]]></system-out>
  </testcase>
  <testcase name="testSonAmigos2" classname="com.mycompany.mavenproject2.CalculadoraTest" time="0.003">
    <system-out><![CDATA[sonAmigos
]]></system-out>
  </testcase>
  <testcase name="testSonAmigos3" classname="com.mycompany.mavenproject2.CalculadoraTest" time="0.002">
    <system-out><![CDATA[sonAmigos
]]></system-out>
  </testcase>
  <testcase name="testSonAmigos4" classname="com.mycompany.mavenproject2.CalculadoraTest" time="0.002">
    <system-out><![CDATA[sonAmigos
]]></system-out>
  </testcase>
  <testcase name="testResta" classname="com.mycompany.mavenproject2.CalculadoraTest" time="0.002">
    <system-out><![CDATA[resta
]]></system-out>
  </testcase>
  <testcase name="testSuma1" classname="com.mycompany.mavenproject2.CalculadoraTest" time="0.001">
    <system-out><![CDATA[TCS01
]]></system-out>
  </testcase>
  <testcase name="testSuma2" classname="com.mycompany.mavenproject2.CalculadoraTest" time="0.001">
    <system-out><![CDATA[TCS02
]]></system-out>
  </testcase>
  <testcase name="testSuma3" classname="com.mycompany.mavenproject2.CalculadoraTest" time="0.002">
    <system-out><![CDATA[TCS03
]]></system-out>
  </testcase>
  <testcase name="testSuma4" classname="com.mycompany.mavenproject2.CalculadoraTest" time="0.002">
    <system-out><![CDATA[TCS04
]]></system-out>
  </testcase>
  <testcase name="testSuma5" classname="com.mycompany.mavenproject2.CalculadoraTest" time="0.003">
    <system-out><![CDATA[TCS05
]]></system-out>
  </testcase>
  <testcase name="testSuma" classname="com.mycompany.mavenproject2.CalculadoraTest" time="0.002">
    <system-out><![CDATA[suma
]]></system-out>
  </testcase>
  <testcase name="testRadicacion" classname="com.mycompany.mavenproject2.CalculadoraTest" time="0.002">
    <system-out><![CDATA[radicacion
]]></system-out>
  </testcase>
  <testcase name="testMultiplicacion1" classname="com.mycompany.mavenproject2.CalculadoraTest" time="0.003">
    <system-out><![CDATA[TCM01
]]></system-out>
  </testcase>
  <testcase name="testMultiplicacion2" classname="com.mycompany.mavenproject2.CalculadoraTest" time="0.002">
    <system-out><![CDATA[TCM02
]]></system-out>
  </testcase>
  <testcase name="testMultiplicacion3" classname="com.mycompany.mavenproject2.CalculadoraTest" time="0.001">
    <system-out><![CDATA[TCM03
]]></system-out>
  </testcase>
  <testcase name="testMultiplicacion4" classname="com.mycompany.mavenproject2.CalculadoraTest" time="0.001">
    <system-out><![CDATA[TCM04
]]></system-out>
  </testcase>
  <testcase name="testDivision1" classname="com.mycompany.mavenproject2.CalculadoraTest" time="0.002">
    <system-out><![CDATA[TCD01
]]></system-out>
  </testcase>
  <testcase name="testDivision2" classname="com.mycompany.mavenproject2.CalculadoraTest" time="0.002">
    <system-out><![CDATA[TCD02
]]></system-out>
  </testcase>
  <testcase name="testDivision3" classname="com.mycompany.mavenproject2.CalculadoraTest" time="0.001">
    <system-out><![CDATA[TCD03
]]></system-out>
  </testcase>
  <testcase name="testDivision4" classname="com.mycompany.mavenproject2.CalculadoraTest" time="0.002">
    <system-out><![CDATA[TCD04
]]></system-out>
  </testcase>
  <testcase name="testDivision5" classname="com.mycompany.mavenproject2.CalculadoraTest" time="0.002">
    <system-out><![CDATA[TCD05
]]></system-out>
  </testcase>
  <testcase name="testDivision6" classname="com.mycompany.mavenproject2.CalculadoraTest" time="0.002">
    <system-out><![CDATA[TCD06
]]></system-out>
  </testcase>
  <testcase name="testDivision7" classname="com.mycompany.mavenproject2.CalculadoraTest" time="0.002">
    <system-out><![CDATA[TCD07
]]></system-out>
  </testcase>
  <testcase name="testMultiplicacion" classname="com.mycompany.mavenproject2.CalculadoraTest" time="0.002">
    <system-out><![CDATA[multiplicacion
]]></system-out>
  </testcase>
  <testcase name="testSumaDivisores1" classname="com.mycompany.mavenproject2.CalculadoraTest" time="0.002">
    <system-out><![CDATA[sumaDivisores
]]></system-out>
  </testcase>
  <testcase name="testSumaDivisores2" classname="com.mycompany.mavenproject2.CalculadoraTest" time="0.002">
    <system-out><![CDATA[sumaDivisores
]]></system-out>
  </testcase>
  <testcase name="testSumaDivisores3" classname="com.mycompany.mavenproject2.CalculadoraTest" time="0.003">
    <system-out><![CDATA[sumaDivisores
]]></system-out>
  </testcase>
  <testcase name="testSumaDivisores4" classname="com.mycompany.mavenproject2.CalculadoraTest" time="0.002">
    <system-out><![CDATA[sumaDivisores
]]></system-out>
  </testcase>
  <testcase name="testSumaDivisores5" classname="com.mycompany.mavenproject2.CalculadoraTest" time="0.002">
    <system-out><![CDATA[sumaDivisores
]]></system-out>
  </testcase>
  <testcase name="testSumaDivisores6" classname="com.mycompany.mavenproject2.CalculadoraTest" time="0.001">
    <system-out><![CDATA[sumaDivisores
]]></system-out>
  </testcase>
  <testcase name="testSonAmigos" classname="com.mycompany.mavenproject2.CalculadoraTest" time="0.002">
    <system-out><![CDATA[sonAmigos
]]></system-out>
  </testcase>
  <testcase name="testSumaDivisores" classname="com.mycompany.mavenproject2.CalculadoraTest" time="0.001">
    <system-out><![CDATA[sumaDivisores
]]></system-out>
  </testcase>
  <testcase name="testDivision" classname="com.mycompany.mavenproject2.CalculadoraTest" time="0.001">
    <system-out><![CDATA[division
]]></system-out>
  </testcase>
  <testcase name="testRadicacion1" classname="com.mycompany.mavenproject2.CalculadoraTest" time="0.002">
    <system-out><![CDATA[TCR01
]]></system-out>
  </testcase>
  <testcase name="testRadicacion2" classname="com.mycompany.mavenproject2.CalculadoraTest" time="0.002">
    <system-out><![CDATA[TCR02
]]></system-out>
  </testcase>
  <testcase name="testRadicacion3" classname="com.mycompany.mavenproject2.CalculadoraTest" time="0.001">
    <system-out><![CDATA[TCR03
]]></system-out>
  </testcase>
  <testcase name="testRadicacion4" classname="com.mycompany.mavenproject2.CalculadoraTest" time="0.001">
    <system-out><![CDATA[TCR04
]]></system-out>
  </testcase>
  <testcase name="testRadicacion5" classname="com.mycompany.mavenproject2.CalculadoraTest" time="0.002">
    <system-out><![CDATA[TCR05
]]></system-out>
  </testcase>
  <testcase name="testResta1" classname="com.mycompany.mavenproject2.CalculadoraTest" time="0.001">
    <system-out><![CDATA[TCR01
]]></system-out>
  </testcase>
  <testcase name="testResta2" classname="com.mycompany.mavenproject2.CalculadoraTest" time="0.0">
    <system-out><![CDATA[TCR02
]]></system-out>
  </testcase>
  <testcase name="testResta3" classname="com.mycompany.mavenproject2.CalculadoraTest" time="0.001">
    <system-out><![CDATA[TCR03
]]></system-out>
  </testcase>
  <testcase name="testResta4" classname="com.mycompany.mavenproject2.CalculadoraTest" time="0.001">
    <system-out><![CDATA[TCR04
]]></system-out>
  </testcase>
</testsuite>